/usr/local/rvm/rubies/ruby-2.2.4/bin/ruby -r ./siteconf20160920-24847-1eunmxv.rb extconf.rb --use-system-libraries=true --with-xml2-include=/usr/libx32
*** extconf.rb failed ***
Could not create Makefile due to some reason, probably lack of necessary
libraries and/or headers.  Check the mkmf.log file for more details.  You may
need configuration options.

Provided configuration options:
	--with-opt-dir
	--without-opt-dir
	--with-opt-include
	--without-opt-include=${opt-dir}/include
	--with-opt-lib
	--without-opt-lib=${opt-dir}/lib
	--with-make-prog
	--without-make-prog
	--srcdir=.
	--curdir
	--ruby=/usr/local/rvm/rubies/ruby-2.2.4/bin/$(RUBY_BASE_NAME)
/usr/local/rvm/rubies/ruby-2.2.4/lib/ruby/site_ruby/2.2.0/rubygems/dependency.rb:315:in `to_specs': Could not find 'pkg-config' (~> 1.1.7) among 11 total gem(s) (Gem::LoadError)
Checked in 'GEM_PATH=/home/pmiiller/.gem/ruby/2.2.0:/usr/local/rvm/rubies/ruby-2.2.4/lib/ruby/gems/2.2.0:$/.gemsexport', execute `gem env` for more information
	from /usr/local/rvm/rubies/ruby-2.2.4/lib/ruby/site_ruby/2.2.0/rubygems/dependency.rb:324:in `to_spec'
	from /usr/local/rvm/rubies/ruby-2.2.4/lib/ruby/site_ruby/2.2.0/rubygems/core_ext/kernel_gem.rb:64:in `gem'
	from extconf.rb:112:in `<main>'

extconf failed, exit code 1
