"gcc -o conftest -I/usr/local/rvm/rubies/ruby-2.2.4/include/ruby-2.2.0/x86_64-linux -I/usr/local/rvm/rubies/ruby-2.2.4/include/ruby-2.2.0/ruby/backward -I/usr/local/rvm/rubies/ruby-2.2.4/include/ruby-2.2.0 -I.     -O3 -fno-fast-math -ggdb3 -Wall -Wextra -Wno-unused-parameter -Wno-parentheses -Wno-long-long -Wno-missing-field-initializers -Wunused-variable -Wpointer-arith -Wwrite-strings -Wdeclaration-after-statement -Wimplicit-function-declaration -Wdeprecated-declarations -Wno-packed-bitfield-compat  -fPIC  conftest.c  -L. -L/usr/local/rvm/rubies/ruby-2.2.4/lib -Wl,-R/usr/local/rvm/rubies/ruby-2.2.4/lib -L. -fstack-protector -rdynamic -Wl,-export-dynamic     -Wl,-rpath,'/../lib' -Wl,-R'/../lib' -lruby  -lpthread -lgmp -ldl -lcrypt -lm   -lc "
checked program was:
/* begin */
1: #include "ruby.h"
2: 
3: int main(int argc, char **argv)
4: {
5:   return 0;
6: }
/* end */

"gcc -I/usr/local/rvm/rubies/ruby-2.2.4/include/ruby-2.2.0/x86_64-linux -I/usr/local/rvm/rubies/ruby-2.2.4/include/ruby-2.2.0/ruby/backward -I/usr/local/rvm/rubies/ruby-2.2.4/include/ruby-2.2.0 -I.     -O3 -fno-fast-math -ggdb3 -Wall -Wextra -Wno-unused-parameter -Wno-parentheses -Wno-long-long -Wno-missing-field-initializers -Wunused-variable -Wpointer-arith -Wwrite-strings -Wdeclaration-after-statement -Wimplicit-function-declaration -Wdeprecated-declarations -Wno-packed-bitfield-compat  -fPIC    -Werror -c conftest.c"
checked program was:
/* begin */
1: #include "ruby.h"
2: 
3: int main() {return 0;}
/* end */

"gcc -o conftest -I/usr/local/rvm/rubies/ruby-2.2.4/include/ruby-2.2.0/x86_64-linux -I/usr/local/rvm/rubies/ruby-2.2.4/include/ruby-2.2.0/ruby/backward -I/usr/local/rvm/rubies/ruby-2.2.4/include/ruby-2.2.0 -I.     -O3 -fno-fast-math -ggdb3 -Wall -Wextra -Wno-unused-parameter -Wno-parentheses -Wno-long-long -Wno-missing-field-initializers -Wunused-variable -Wpointer-arith -Wwrite-strings -Wdeclaration-after-statement -Wimplicit-function-declaration -Wdeprecated-declarations -Wno-packed-bitfield-compat  -fPIC  -g -DXP_UNIX -O3 -Wall -Wcast-qual -Wwrite-strings -Wconversion -Wmissing-noreturn -Winline conftest.c  -L. -L/usr/local/rvm/rubies/ruby-2.2.4/lib -Wl,-R/usr/local/rvm/rubies/ruby-2.2.4/lib -L. -fstack-protector -rdynamic -Wl,-export-dynamic     -Wl,-rpath,'/../lib' -Wl,-R'/../lib' -lruby -lxml2 -lpthread -lgmp -ldl -lcrypt -lm   -lc "
checked program was:
/* begin */
1: #include "ruby.h"
2: 
3: int main(int argc, char **argv)
4: {
5:   return 0;
6: }
/* end */

package configuration for libxml-2.0
cflags: 
ldflags: 
libs: -lxml2

package configuration for libxslt is not found
package configuration for libexslt is not found
"gcc -E -I/usr/local/rvm/rubies/ruby-2.2.4/include/ruby-2.2.0/x86_64-linux -I/usr/local/rvm/rubies/ruby-2.2.4/include/ruby-2.2.0/ruby/backward -I/usr/local/rvm/rubies/ruby-2.2.4/include/ruby-2.2.0 -I. -I/usr/include/libxml2     -O3 -fno-fast-math -ggdb3 -Wall -Wextra -Wno-unused-parameter -Wno-parentheses -Wno-long-long -Wno-missing-field-initializers -Wunused-variable -Wpointer-arith -Wwrite-strings -Wdeclaration-after-statement -Wimplicit-function-declaration -Wdeprecated-declarations -Wno-packed-bitfield-compat  -fPIC  -g -DXP_UNIX -O3 -Wall -Wcast-qual -Wwrite-strings -Wconversion -Wmissing-noreturn -Winline   conftest.c -o conftest.i"
checked program was:
/* begin */
1: #include "ruby.h"
2: 
3: #include <libxml/xmlversion.h>
4: 
5: #if LIBXML_VERSION < 20621
6: #error libxml2 is way too old
7: #endif
/* end */

"gcc -E -I/usr/local/rvm/rubies/ruby-2.2.4/include/ruby-2.2.0/x86_64-linux -I/usr/local/rvm/rubies/ruby-2.2.4/include/ruby-2.2.0/ruby/backward -I/usr/local/rvm/rubies/ruby-2.2.4/include/ruby-2.2.0 -I. -I/usr/include/libxml2     -O3 -fno-fast-math -ggdb3 -Wall -Wextra -Wno-unused-parameter -Wno-parentheses -Wno-long-long -Wno-missing-field-initializers -Wunused-variable -Wpointer-arith -Wwrite-strings -Wdeclaration-after-statement -Wimplicit-function-declaration -Wdeprecated-declarations -Wno-packed-bitfield-compat  -fPIC  -g -DXP_UNIX -O3 -Wall -Wcast-qual -Wwrite-strings -Wconversion -Wmissing-noreturn -Winline   conftest.c -o conftest.i"
conftest.c:6:2: error: #error libxml2 is too old
 #error libxml2 is too old
  ^
checked program was:
/* begin */
1: #include "ruby.h"
2: 
3: #include <libxml/xmlversion.h>
4: 
5: #if LIBXML_VERSION < 20902
6: #error libxml2 is too old
7: #endif
/* end */

have_func: checking for xmlParseDoc() in libxml/parser.h... -------------------- yes

"gcc -o conftest -I/usr/local/rvm/rubies/ruby-2.2.4/include/ruby-2.2.0/x86_64-linux -I/usr/local/rvm/rubies/ruby-2.2.4/include/ruby-2.2.0/ruby/backward -I/usr/local/rvm/rubies/ruby-2.2.4/include/ruby-2.2.0 -I. -I/usr/include/libxml2     -O3 -fno-fast-math -ggdb3 -Wall -Wextra -Wno-unused-parameter -Wno-parentheses -Wno-long-long -Wno-missing-field-initializers -Wunused-variable -Wpointer-arith -Wwrite-strings -Wdeclaration-after-statement -Wimplicit-function-declaration -Wdeprecated-declarations -Wno-packed-bitfield-compat  -fPIC  -g -DXP_UNIX -O3 -Wall -Wcast-qual -Wwrite-strings -Wconversion -Wmissing-noreturn -Winline  conftest.c  -L. -L/usr/local/rvm/rubies/ruby-2.2.4/lib -Wl,-R/usr/local/rvm/rubies/ruby-2.2.4/lib -L. -fstack-protector -rdynamic -Wl,-export-dynamic      -lxml2 -Wl,-rpath,'/../lib' -Wl,-R'/../lib' -lruby  -lxml2 -lpthread -lgmp -ldl -lcrypt -lm   -lc "
conftest.c: In function ‘t’:
conftest.c:15:32: warning: variable ‘p’ set but not used [-Wunused-but-set-variable]
 int t(void) { void ((*volatile p)()); p = (void ((*)()))xmlParseDoc; return 0; }
                                ^
checked program was:
/* begin */
 1: #include "ruby.h"
 2: 
 3: #include <libxml/parser.h>
 4: 
 5: /*top*/
 6: extern int t(void);
 7: int main(int argc, char **argv)
 8: {
 9:   if (argc > 1000000) {
10:     printf("%p", &t);
11:   }
12: 
13:   return 0;
14: }
15: int t(void) { void ((*volatile p)()); p = (void ((*)()))xmlParseDoc; return 0; }
/* end */

--------------------

have_func: checking for xsltParseStylesheetDoc() in libxslt/xslt.h... -------------------- no

"gcc -o conftest -I/usr/local/rvm/rubies/ruby-2.2.4/include/ruby-2.2.0/x86_64-linux -I/usr/local/rvm/rubies/ruby-2.2.4/include/ruby-2.2.0/ruby/backward -I/usr/local/rvm/rubies/ruby-2.2.4/include/ruby-2.2.0 -I. -I/usr/include/libxml2     -O3 -fno-fast-math -ggdb3 -Wall -Wextra -Wno-unused-parameter -Wno-parentheses -Wno-long-long -Wno-missing-field-initializers -Wunused-variable -Wpointer-arith -Wwrite-strings -Wdeclaration-after-statement -Wimplicit-function-declaration -Wdeprecated-declarations -Wno-packed-bitfield-compat  -fPIC  -g -DXP_UNIX -O3 -Wall -Wcast-qual -Wwrite-strings -Wconversion -Wmissing-noreturn -Winline  conftest.c  -L. -L/usr/local/rvm/rubies/ruby-2.2.4/lib -Wl,-R/usr/local/rvm/rubies/ruby-2.2.4/lib -L. -fstack-protector -rdynamic -Wl,-export-dynamic      -lxml2 -Wl,-rpath,'/../lib' -Wl,-R'/../lib' -lruby  -lxml2 -lpthread -lgmp -ldl -lcrypt -lm   -lc "
conftest.c:3:26: fatal error: libxslt/xslt.h: No such file or directory
 #include <libxslt/xslt.h>
                          ^
compilation terminated.
checked program was:
/* begin */
 1: #include "ruby.h"
 2: 
 3: #include <libxslt/xslt.h>
 4: 
 5: /*top*/
 6: extern int t(void);
 7: int main(int argc, char **argv)
 8: {
 9:   if (argc > 1000000) {
10:     printf("%p", &t);
11:   }
12: 
13:   return 0;
14: }
15: int t(void) { void ((*volatile p)()); p = (void ((*)()))xsltParseStylesheetDoc; return 0; }
/* end */

"gcc -o conftest -I/usr/local/rvm/rubies/ruby-2.2.4/include/ruby-2.2.0/x86_64-linux -I/usr/local/rvm/rubies/ruby-2.2.4/include/ruby-2.2.0/ruby/backward -I/usr/local/rvm/rubies/ruby-2.2.4/include/ruby-2.2.0 -I. -I/usr/include/libxml2     -O3 -fno-fast-math -ggdb3 -Wall -Wextra -Wno-unused-parameter -Wno-parentheses -Wno-long-long -Wno-missing-field-initializers -Wunused-variable -Wpointer-arith -Wwrite-strings -Wdeclaration-after-statement -Wimplicit-function-declaration -Wdeprecated-declarations -Wno-packed-bitfield-compat  -fPIC  -g -DXP_UNIX -O3 -Wall -Wcast-qual -Wwrite-strings -Wconversion -Wmissing-noreturn -Winline  conftest.c  -L. -L/usr/local/rvm/rubies/ruby-2.2.4/lib -Wl,-R/usr/local/rvm/rubies/ruby-2.2.4/lib -L. -fstack-protector -rdynamic -Wl,-export-dynamic      -lxml2 -Wl,-rpath,'/../lib' -Wl,-R'/../lib' -lruby  -lxml2 -lpthread -lgmp -ldl -lcrypt -lm   -lc "
conftest.c:3:26: fatal error: libxslt/xslt.h: No such file or directory
 #include <libxslt/xslt.h>
                          ^
compilation terminated.
checked program was:
/* begin */
 1: #include "ruby.h"
 2: 
 3: #include <libxslt/xslt.h>
 4: 
 5: /*top*/
 6: extern int t(void);
 7: int main(int argc, char **argv)
 8: {
 9:   if (argc > 1000000) {
10:     printf("%p", &t);
11:   }
12: 
13:   return 0;
14: }
15: int t(void) { xsltParseStylesheetDoc(); return 0; }
/* end */

--------------------

have_library: checking for xsltParseStylesheetDoc() in -lxslt... -------------------- no

"gcc -o conftest -I/usr/local/rvm/rubies/ruby-2.2.4/include/ruby-2.2.0/x86_64-linux -I/usr/local/rvm/rubies/ruby-2.2.4/include/ruby-2.2.0/ruby/backward -I/usr/local/rvm/rubies/ruby-2.2.4/include/ruby-2.2.0 -I. -I/usr/include/libxml2     -O3 -fno-fast-math -ggdb3 -Wall -Wextra -Wno-unused-parameter -Wno-parentheses -Wno-long-long -Wno-missing-field-initializers -Wunused-variable -Wpointer-arith -Wwrite-strings -Wdeclaration-after-statement -Wimplicit-function-declaration -Wdeprecated-declarations -Wno-packed-bitfield-compat  -fPIC  -g -DXP_UNIX -O3 -Wall -Wcast-qual -Wwrite-strings -Wconversion -Wmissing-noreturn -Winline  conftest.c  -L. -L/usr/local/rvm/rubies/ruby-2.2.4/lib -Wl,-R/usr/local/rvm/rubies/ruby-2.2.4/lib -L. -fstack-protector -rdynamic -Wl,-export-dynamic      -lxml2 -Wl,-rpath,'/../lib' -Wl,-R'/../lib' -lruby -lxslt  -lxml2 -lpthread -lgmp -ldl -lcrypt -lm   -lc "
conftest.c:3:26: fatal error: libxslt/xslt.h: No such file or directory
 #include <libxslt/xslt.h>
                          ^
compilation terminated.
checked program was:
/* begin */
 1: #include "ruby.h"
 2: 
 3: #include <libxslt/xslt.h>
 4: 
 5: /*top*/
 6: extern int t(void);
 7: int main(int argc, char **argv)
 8: {
 9:   if (argc > 1000000) {
10:     printf("%p", &t);
11:   }
12: 
13:   return 0;
14: }
15: int t(void) { void ((*volatile p)()); p = (void ((*)()))xsltParseStylesheetDoc; return 0; }
/* end */

"gcc -o conftest -I/usr/local/rvm/rubies/ruby-2.2.4/include/ruby-2.2.0/x86_64-linux -I/usr/local/rvm/rubies/ruby-2.2.4/include/ruby-2.2.0/ruby/backward -I/usr/local/rvm/rubies/ruby-2.2.4/include/ruby-2.2.0 -I. -I/usr/include/libxml2     -O3 -fno-fast-math -ggdb3 -Wall -Wextra -Wno-unused-parameter -Wno-parentheses -Wno-long-long -Wno-missing-field-initializers -Wunused-variable -Wpointer-arith -Wwrite-strings -Wdeclaration-after-statement -Wimplicit-function-declaration -Wdeprecated-declarations -Wno-packed-bitfield-compat  -fPIC  -g -DXP_UNIX -O3 -Wall -Wcast-qual -Wwrite-strings -Wconversion -Wmissing-noreturn -Winline  conftest.c  -L. -L/usr/local/rvm/rubies/ruby-2.2.4/lib -Wl,-R/usr/local/rvm/rubies/ruby-2.2.4/lib -L. -fstack-protector -rdynamic -Wl,-export-dynamic      -lxml2 -Wl,-rpath,'/../lib' -Wl,-R'/../lib' -lruby -lxslt  -lxml2 -lpthread -lgmp -ldl -lcrypt -lm   -lc "
conftest.c:3:26: fatal error: libxslt/xslt.h: No such file or directory
 #include <libxslt/xslt.h>
                          ^
compilation terminated.
checked program was:
/* begin */
 1: #include "ruby.h"
 2: 
 3: #include <libxslt/xslt.h>
 4: 
 5: /*top*/
 6: extern int t(void);
 7: int main(int argc, char **argv)
 8: {
 9:   if (argc > 1000000) {
10:     printf("%p", &t);
11:   }
12: 
13:   return 0;
14: }
15: int t(void) { xsltParseStylesheetDoc(); return 0; }
/* end */

--------------------

have_library: checking for xsltParseStylesheetDoc() in -llibxslt... -------------------- no

"gcc -o conftest -I/usr/local/rvm/rubies/ruby-2.2.4/include/ruby-2.2.0/x86_64-linux -I/usr/local/rvm/rubies/ruby-2.2.4/include/ruby-2.2.0/ruby/backward -I/usr/local/rvm/rubies/ruby-2.2.4/include/ruby-2.2.0 -I. -I/usr/include/libxml2     -O3 -fno-fast-math -ggdb3 -Wall -Wextra -Wno-unused-parameter -Wno-parentheses -Wno-long-long -Wno-missing-field-initializers -Wunused-variable -Wpointer-arith -Wwrite-strings -Wdeclaration-after-statement -Wimplicit-function-declaration -Wdeprecated-declarations -Wno-packed-bitfield-compat  -fPIC  -g -DXP_UNIX -O3 -Wall -Wcast-qual -Wwrite-strings -Wconversion -Wmissing-noreturn -Winline  conftest.c  -L. -L/usr/local/rvm/rubies/ruby-2.2.4/lib -Wl,-R/usr/local/rvm/rubies/ruby-2.2.4/lib -L. -fstack-protector -rdynamic -Wl,-export-dynamic      -lxml2 -Wl,-rpath,'/../lib' -Wl,-R'/../lib' -lruby -llibxslt  -lxml2 -lpthread -lgmp -ldl -lcrypt -lm   -lc "
conftest.c:3:26: fatal error: libxslt/xslt.h: No such file or directory
 #include <libxslt/xslt.h>
                          ^
compilation terminated.
checked program was:
/* begin */
 1: #include "ruby.h"
 2: 
 3: #include <libxslt/xslt.h>
 4: 
 5: /*top*/
 6: extern int t(void);
 7: int main(int argc, char **argv)
 8: {
 9:   if (argc > 1000000) {
10:     printf("%p", &t);
11:   }
12: 
13:   return 0;
14: }
15: int t(void) { void ((*volatile p)()); p = (void ((*)()))xsltParseStylesheetDoc; return 0; }
/* end */

"gcc -o conftest -I/usr/local/rvm/rubies/ruby-2.2.4/include/ruby-2.2.0/x86_64-linux -I/usr/local/rvm/rubies/ruby-2.2.4/include/ruby-2.2.0/ruby/backward -I/usr/local/rvm/rubies/ruby-2.2.4/include/ruby-2.2.0 -I. -I/usr/include/libxml2     -O3 -fno-fast-math -ggdb3 -Wall -Wextra -Wno-unused-parameter -Wno-parentheses -Wno-long-long -Wno-missing-field-initializers -Wunused-variable -Wpointer-arith -Wwrite-strings -Wdeclaration-after-statement -Wimplicit-function-declaration -Wdeprecated-declarations -Wno-packed-bitfield-compat  -fPIC  -g -DXP_UNIX -O3 -Wall -Wcast-qual -Wwrite-strings -Wconversion -Wmissing-noreturn -Winline  conftest.c  -L. -L/usr/local/rvm/rubies/ruby-2.2.4/lib -Wl,-R/usr/local/rvm/rubies/ruby-2.2.4/lib -L. -fstack-protector -rdynamic -Wl,-export-dynamic      -lxml2 -Wl,-rpath,'/../lib' -Wl,-R'/../lib' -lruby -llibxslt  -lxml2 -lpthread -lgmp -ldl -lcrypt -lm   -lc "
conftest.c:3:26: fatal error: libxslt/xslt.h: No such file or directory
 #include <libxslt/xslt.h>
                          ^
compilation terminated.
checked program was:
/* begin */
 1: #include "ruby.h"
 2: 
 3: #include <libxslt/xslt.h>
 4: 
 5: /*top*/
 6: extern int t(void);
 7: int main(int argc, char **argv)
 8: {
 9:   if (argc > 1000000) {
10:     printf("%p", &t);
11:   }
12: 
13:   return 0;
14: }
15: int t(void) { xsltParseStylesheetDoc(); return 0; }
/* end */

--------------------

